2025-04-28 08:48:52,328 INFO  [background-preinit] o.h.v.i.u.Version: HV000001: Hibernate Validator 8.0.2.Final
2025-04-28 08:48:52,480 INFO  [main] o.s.b.StartupInfoLogger: Starting TempoApiApplication using Java 23.0.2 with PID 13968 (C:\Users\pguil\DevProjects\tempo-api-re\target\classes started by pguil in C:\Users\pguil\DevProjects\tempo-api-re)
2025-04-28 08:48:52,483 INFO  [main] o.s.b.SpringApplication: No active profile set, falling back to 1 default profile: "default"
2025-04-28 08:48:52,665 INFO  [main] o.s.b.d.c.l.DockerComposeLifecycleManager: Using Docker Compose file C:\Users\pguil\DevProjects\tempo-api-re\compose.yml
2025-04-28 08:48:55,155 INFO  [main] o.s.b.d.c.l.DockerComposeLifecycleManager: There are already Docker Compose services running, skipping startup
2025-04-28 08:48:57,636 INFO  [main] o.s.d.r.c.RepositoryConfigurationDelegate: Bootstrapping Spring Data JPA repositories in DEFAULT mode.
2025-04-28 08:48:57,842 INFO  [main] o.s.d.r.c.RepositoryConfigurationDelegate: Finished Spring Data repository scanning in 183 ms. Found 6 JPA repository interfaces.
2025-04-28 08:48:59,619 INFO  [main] o.s.b.w.e.t.TomcatWebServer: Tomcat initialized with port 8080 (http)
2025-04-28 08:48:59,643 INFO  [main] o.a.j.l.DirectJDKLog: Initializing ProtocolHandler ["http-nio-8080"]
2025-04-28 08:48:59,645 INFO  [main] o.a.j.l.DirectJDKLog: Starting service [Tomcat]
2025-04-28 08:48:59,646 INFO  [main] o.a.j.l.DirectJDKLog: Starting Servlet engine: [Apache Tomcat/10.1.39]
2025-04-28 08:48:59,729 INFO  [main] o.a.j.l.DirectJDKLog: Initializing Spring embedded WebApplicationContext
2025-04-28 08:48:59,731 INFO  [main] o.s.b.w.s.c.ServletWebServerApplicationContext: Root WebApplicationContext: initialization completed in 4397 ms
2025-04-28 08:49:00,426 INFO  [main] o.h.j.i.u.LogHelper: HHH000204: Processing PersistenceUnitInfo [name: default]
2025-04-28 08:49:00,557 INFO  [main] o.h.Version: HHH000412: Hibernate ORM core version 6.6.11.Final
2025-04-28 08:49:00,882 INFO  [main] o.h.c.i.RegionFactoryInitiator: HHH000026: Second-level cache disabled
2025-04-28 08:49:01,595 INFO  [main] o.s.o.j.p.SpringPersistenceUnitInfo: No LoadTimeWeaver setup: ignoring JPA class transformer
2025-04-28 08:49:01,658 INFO  [main] c.z.h.HikariDataSource: HikariPool-1 - Starting...
2025-04-28 08:49:02,506 INFO  [main] c.z.h.p.HikariPool: HikariPool-1 - Added connection com.mysql.cj.jdbc.ConnectionImpl@4ef28dc4
2025-04-28 08:49:02,508 INFO  [main] c.z.h.HikariDataSource: HikariPool-1 - Start completed.
2025-04-28 08:49:02,727 INFO  [main] o.h.e.j.e.i.JdbcEnvironmentInitiator: HHH10001005: Database info:
	Database JDBC URL [Connecting through datasource 'HikariDataSource (HikariPool-1)']
	Database driver: undefined/unknown
	Database version: 9.2
	Autocommit mode: undefined/unknown
	Isolation level: undefined/unknown
	Minimum pool size: undefined/unknown
	Maximum pool size: undefined/unknown
2025-04-28 08:49:06,311 INFO  [main] o.h.e.t.j.p.i.JtaPlatformInitiator: HHH000489: No JTA platform available (set 'hibernate.transaction.jta.platform' to enable JTA platform integration)
2025-04-28 08:49:06,538 INFO  [main] o.s.o.j.AbstractEntityManagerFactoryBean: Initialized JPA EntityManagerFactory for persistence unit 'default'
2025-04-28 08:49:07,885 WARN  [main] o.s.b.a.o.j.JpaBaseConfiguration$JpaWebConfiguration: spring.jpa.open-in-view is enabled by default. Therefore, database queries may be performed during view rendering. Explicitly configure spring.jpa.open-in-view to disable this warning
2025-04-28 08:49:08,051 INFO  [main] o.s.s.c.a.a.c.InitializeAuthenticationProviderBeanManagerConfigurer$InitializeAuthenticationProviderManagerConfigurer: Global AuthenticationManager configured with AuthenticationProvider bean with name authenticationProvider
2025-04-28 08:49:08,053 WARN  [main] o.s.s.c.a.a.c.InitializeUserDetailsBeanManagerConfigurer$InitializeUserDetailsManagerConfigurer: Global AuthenticationManager configured with an AuthenticationProvider bean. UserDetailsService beans will not be used by Spring Security for automatically configuring username/password login. Consider removing the AuthenticationProvider bean. Alternatively, consider using the UserDetailsService in a manually instantiated DaoAuthenticationProvider. If the current configuration is intentional, to turn off this warning, increase the logging level of 'org.springframework.security.config.annotation.authentication.configuration.InitializeUserDetailsBeanManagerConfigurer' to ERROR
2025-04-28 08:49:09,146 INFO  [main] o.s.b.a.e.w.EndpointLinksResolver: Exposing 1 endpoint beneath base path '/actuator'
2025-04-28 08:49:10,324 INFO  [main] o.a.j.l.DirectJDKLog: Starting ProtocolHandler ["http-nio-8080"]
2025-04-28 08:49:10,371 INFO  [main] o.s.b.w.e.t.TomcatWebServer: Tomcat started on port 8080 (http) with context path '/'
2025-04-28 08:49:10,390 INFO  [main] o.s.b.StartupInfoLogger: Started TempoApiApplication in 19.198 seconds (process running for 20.47)
2025-04-28 08:49:12,475 INFO  [RMI TCP Connection(2)-127.0.0.1] o.a.j.l.DirectJDKLog: Initializing Spring DispatcherServlet 'dispatcherServlet'
2025-04-28 08:49:12,476 INFO  [RMI TCP Connection(2)-127.0.0.1] o.s.w.s.FrameworkServlet: Initializing Servlet 'dispatcherServlet'
2025-04-28 08:49:12,478 INFO  [RMI TCP Connection(2)-127.0.0.1] o.s.w.s.FrameworkServlet: Completed initialization in 2 ms
2025-04-28 08:49:32,637 INFO  [http-nio-8080-exec-8] c.t.a.u.LoggerUtils: Fetching user schedule for date: 2025-04-28
2025-04-28 08:49:32,647 INFO  [http-nio-8080-exec-8] c.t.a.u.LoggerUtils: Fetching worktimes for date: 2025-04-28 and user id: 1
2025-04-28 08:49:32,718 INFO  [http-nio-8080-exec-8] c.t.a.u.LoggerUtils: Fetching active worktime series for date: 2025-04-28 and user id: 1
2025-04-28 08:49:32,779 INFO  [http-nio-8080-exec-8] c.t.a.u.LoggerUtils: Filtering series for day of week: MONDAY
2025-04-28 08:53:24,912 INFO  [http-nio-8080-exec-7] c.t.a.u.LoggerUtils: Fetching user schedule for date: 2025-04-28
2025-04-28 08:53:24,921 INFO  [http-nio-8080-exec-7] c.t.a.u.LoggerUtils: Fetching worktimes for date: 2025-04-28 and user id: 1
2025-04-28 08:53:24,939 INFO  [http-nio-8080-exec-7] c.t.a.u.LoggerUtils: Fetching active worktime series for date: 2025-04-28 and user id: 1
2025-04-28 08:53:24,961 INFO  [http-nio-8080-exec-7] c.t.a.u.LoggerUtils: Filtering series for day of week: MONDAY
2025-04-28 08:59:40,794 INFO  [http-nio-8080-exec-5] c.t.a.u.LoggerUtils: Fetching user schedule for date: 2025-04-28
2025-04-28 08:59:40,803 INFO  [http-nio-8080-exec-5] c.t.a.u.LoggerUtils: Fetching worktimes for date: 2025-04-28 and user id: 1
2025-04-28 08:59:40,831 INFO  [http-nio-8080-exec-5] c.t.a.u.LoggerUtils: Fetching active worktime series for date: 2025-04-28 and user id: 1
2025-04-28 08:59:40,853 INFO  [http-nio-8080-exec-5] c.t.a.u.LoggerUtils: Filtering series for day of week: MONDAY
2025-04-28 09:00:36,886 INFO  [http-nio-8080-exec-7] c.t.a.u.LoggerUtils: Fetching user schedule for date: 2025-04-28
2025-04-28 09:00:36,904 INFO  [http-nio-8080-exec-7] c.t.a.u.LoggerUtils: Fetching worktimes for date: 2025-04-28 and user id: 1
2025-04-28 09:00:36,921 INFO  [http-nio-8080-exec-7] c.t.a.u.LoggerUtils: Fetching active worktime series for date: 2025-04-28 and user id: 1
2025-04-28 09:00:36,947 INFO  [http-nio-8080-exec-7] c.t.a.u.LoggerUtils: Filtering series for day of week: MONDAY
2025-04-28 09:00:46,218 INFO  [http-nio-8080-exec-8] c.t.a.u.LoggerUtils: Fetching user schedule for date: 2025-04-28
2025-04-28 09:00:46,225 INFO  [http-nio-8080-exec-8] c.t.a.u.LoggerUtils: Fetching worktimes for date: 2025-04-28 and user id: 1
2025-04-28 09:00:46,241 INFO  [http-nio-8080-exec-8] c.t.a.u.LoggerUtils: Fetching active worktime series for date: 2025-04-28 and user id: 1
2025-04-28 09:00:46,264 INFO  [http-nio-8080-exec-8] c.t.a.u.LoggerUtils: Filtering series for day of week: MONDAY
2025-04-28 09:04:07,428 INFO  [http-nio-8080-exec-1] c.t.a.u.LoggerUtils: Fetching user schedule for date: 2025-04-27
2025-04-28 09:04:07,438 INFO  [http-nio-8080-exec-1] c.t.a.u.LoggerUtils: Fetching worktimes for date: 2025-04-27 and user id: 1
2025-04-28 09:04:07,470 INFO  [http-nio-8080-exec-1] c.t.a.u.LoggerUtils: Fetching active worktime series for date: 2025-04-27 and user id: 1
2025-04-28 09:04:07,494 INFO  [http-nio-8080-exec-1] c.t.a.u.LoggerUtils: Filtering series for day of week: SUNDAY
2025-04-28 09:04:09,722 INFO  [http-nio-8080-exec-7] c.t.a.u.LoggerUtils: Fetching user schedule for date: 2025-04-26
2025-04-28 09:04:09,728 INFO  [http-nio-8080-exec-7] c.t.a.u.LoggerUtils: Fetching worktimes for date: 2025-04-26 and user id: 1
2025-04-28 09:04:09,776 INFO  [http-nio-8080-exec-7] c.t.a.u.LoggerUtils: Fetching active worktime series for date: 2025-04-26 and user id: 1
2025-04-28 09:04:09,791 INFO  [http-nio-8080-exec-7] c.t.a.u.LoggerUtils: Filtering series for day of week: SATURDAY
2025-04-28 09:07:04,463 INFO  [background-preinit] o.h.v.i.u.Version: HV000001: Hibernate Validator 8.0.2.Final
2025-04-28 09:07:04,552 INFO  [main] o.s.b.StartupInfoLogger: Starting TempoApiApplication using Java 23.0.2 with PID 1868 (C:\Users\pguil\DevProjects\tempo-api-re\target\classes started by pguil in C:\Users\pguil\DevProjects\tempo-api-re)
2025-04-28 09:07:04,554 INFO  [main] o.s.b.SpringApplication: No active profile set, falling back to 1 default profile: "default"
2025-04-28 09:07:04,665 INFO  [main] o.s.b.d.c.l.DockerComposeLifecycleManager: Using Docker Compose file C:\Users\pguil\DevProjects\tempo-api-re\compose.yml
2025-04-28 09:07:05,972 INFO  [main] o.s.b.d.c.l.DockerComposeLifecycleManager: There are already Docker Compose services running, skipping startup
2025-04-28 09:07:07,567 INFO  [main] o.s.d.r.c.RepositoryConfigurationDelegate: Bootstrapping Spring Data JPA repositories in DEFAULT mode.
2025-04-28 09:07:07,705 INFO  [main] o.s.d.r.c.RepositoryConfigurationDelegate: Finished Spring Data repository scanning in 112 ms. Found 6 JPA repository interfaces.
2025-04-28 09:07:08,871 INFO  [main] o.s.b.w.e.t.TomcatWebServer: Tomcat initialized with port 8080 (http)
2025-04-28 09:07:08,888 INFO  [main] o.a.j.l.DirectJDKLog: Initializing ProtocolHandler ["http-nio-8080"]
2025-04-28 09:07:08,891 INFO  [main] o.a.j.l.DirectJDKLog: Starting service [Tomcat]
2025-04-28 09:07:08,892 INFO  [main] o.a.j.l.DirectJDKLog: Starting Servlet engine: [Apache Tomcat/10.1.39]
2025-04-28 09:07:08,961 INFO  [main] o.a.j.l.DirectJDKLog: Initializing Spring embedded WebApplicationContext
2025-04-28 09:07:08,961 INFO  [main] o.s.b.w.s.c.ServletWebServerApplicationContext: Root WebApplicationContext: initialization completed in 2954 ms
2025-04-28 09:07:09,482 INFO  [main] o.h.j.i.u.LogHelper: HHH000204: Processing PersistenceUnitInfo [name: default]
2025-04-28 09:07:09,573 INFO  [main] o.h.Version: HHH000412: Hibernate ORM core version 6.6.11.Final
2025-04-28 09:07:09,650 INFO  [main] o.h.c.i.RegionFactoryInitiator: HHH000026: Second-level cache disabled
2025-04-28 09:07:10,162 INFO  [main] o.s.o.j.p.SpringPersistenceUnitInfo: No LoadTimeWeaver setup: ignoring JPA class transformer
2025-04-28 09:07:10,215 INFO  [main] c.z.h.HikariDataSource: HikariPool-1 - Starting...
2025-04-28 09:07:10,759 INFO  [main] c.z.h.p.HikariPool: HikariPool-1 - Added connection com.mysql.cj.jdbc.ConnectionImpl@52fec840
2025-04-28 09:07:10,765 INFO  [main] c.z.h.HikariDataSource: HikariPool-1 - Start completed.
2025-04-28 09:07:10,958 INFO  [main] o.h.e.j.e.i.JdbcEnvironmentInitiator: HHH10001005: Database info:
	Database JDBC URL [Connecting through datasource 'HikariDataSource (HikariPool-1)']
	Database driver: undefined/unknown
	Database version: 9.2
	Autocommit mode: undefined/unknown
	Isolation level: undefined/unknown
	Minimum pool size: undefined/unknown
	Maximum pool size: undefined/unknown
2025-04-28 09:07:12,403 INFO  [main] o.h.e.t.j.p.i.JtaPlatformInitiator: HHH000489: No JTA platform available (set 'hibernate.transaction.jta.platform' to enable JTA platform integration)
2025-04-28 09:07:12,561 INFO  [main] o.s.o.j.AbstractEntityManagerFactoryBean: Initialized JPA EntityManagerFactory for persistence unit 'default'
2025-04-28 09:07:13,355 WARN  [main] o.s.b.a.o.j.JpaBaseConfiguration$JpaWebConfiguration: spring.jpa.open-in-view is enabled by default. Therefore, database queries may be performed during view rendering. Explicitly configure spring.jpa.open-in-view to disable this warning
2025-04-28 09:07:13,448 INFO  [main] o.s.s.c.a.a.c.InitializeAuthenticationProviderBeanManagerConfigurer$InitializeAuthenticationProviderManagerConfigurer: Global AuthenticationManager configured with AuthenticationProvider bean with name authenticationProvider
2025-04-28 09:07:13,449 WARN  [main] o.s.s.c.a.a.c.InitializeUserDetailsBeanManagerConfigurer$InitializeUserDetailsManagerConfigurer: Global AuthenticationManager configured with an AuthenticationProvider bean. UserDetailsService beans will not be used by Spring Security for automatically configuring username/password login. Consider removing the AuthenticationProvider bean. Alternatively, consider using the UserDetailsService in a manually instantiated DaoAuthenticationProvider. If the current configuration is intentional, to turn off this warning, increase the logging level of 'org.springframework.security.config.annotation.authentication.configuration.InitializeUserDetailsBeanManagerConfigurer' to ERROR
2025-04-28 09:07:14,181 INFO  [main] o.s.b.a.e.w.EndpointLinksResolver: Exposing 1 endpoint beneath base path '/actuator'
2025-04-28 09:07:14,905 INFO  [main] o.a.j.l.DirectJDKLog: Starting ProtocolHandler ["http-nio-8080"]
2025-04-28 09:07:14,932 INFO  [main] o.s.b.w.e.t.TomcatWebServer: Tomcat started on port 8080 (http) with context path '/'
2025-04-28 09:07:14,945 INFO  [main] o.s.b.StartupInfoLogger: Started TempoApiApplication in 11.178 seconds (process running for 11.927)
2025-04-28 09:07:15,881 INFO  [RMI TCP Connection(2)-127.0.0.1] o.a.j.l.DirectJDKLog: Initializing Spring DispatcherServlet 'dispatcherServlet'
2025-04-28 09:07:15,881 INFO  [RMI TCP Connection(2)-127.0.0.1] o.s.w.s.FrameworkServlet: Initializing Servlet 'dispatcherServlet'
2025-04-28 09:07:15,884 INFO  [RMI TCP Connection(2)-127.0.0.1] o.s.w.s.FrameworkServlet: Completed initialization in 2 ms
2025-04-28 09:07:19,620 INFO  [http-nio-8080-exec-2] c.t.a.u.LoggerUtils: Fetching user schedule for date: 2025-04-27
2025-04-28 09:07:19,626 INFO  [http-nio-8080-exec-2] c.t.a.u.LoggerUtils: Fetching worktimes for date: 2025-04-27 and user id: 1
2025-04-28 09:07:19,678 INFO  [http-nio-8080-exec-2] c.t.a.u.LoggerUtils: Fetching active worktime series for date: 2025-04-27 and user id: 1
2025-04-28 09:07:19,716 INFO  [http-nio-8080-exec-2] c.t.a.u.LoggerUtils: Filtering series for day of week: SUNDAY
2025-04-28 09:07:23,901 INFO  [http-nio-8080-exec-5] c.t.a.u.LoggerUtils: Fetching user schedule for date: 2025-04-28
2025-04-28 09:07:23,906 INFO  [http-nio-8080-exec-5] c.t.a.u.LoggerUtils: Fetching worktimes for date: 2025-04-28 and user id: 1
2025-04-28 09:07:23,921 INFO  [http-nio-8080-exec-5] c.t.a.u.LoggerUtils: Fetching active worktime series for date: 2025-04-28 and user id: 1
2025-04-28 09:07:23,937 INFO  [http-nio-8080-exec-5] c.t.a.u.LoggerUtils: Filtering series for day of week: MONDAY
2025-04-28 09:13:12,981 INFO  [http-nio-8080-exec-10] c.t.a.u.LoggerUtils: Fetching user schedule for date: 2025-04-28
2025-04-28 09:13:12,987 INFO  [http-nio-8080-exec-10] c.t.a.u.LoggerUtils: Fetching worktimes for date: 2025-04-28 and user id: 1
2025-04-28 09:13:13,004 INFO  [http-nio-8080-exec-10] c.t.a.u.LoggerUtils: Fetching active worktime series for date: 2025-04-28 and user id: 1
2025-04-28 09:13:13,024 INFO  [http-nio-8080-exec-10] c.t.a.u.LoggerUtils: Filtering series for day of week: MONDAY
2025-04-28 09:14:46,158 INFO  [http-nio-8080-exec-4] c.t.a.u.LoggerUtils: Fetching user schedule for date: 2025-04-28
2025-04-28 09:14:46,164 INFO  [http-nio-8080-exec-4] c.t.a.u.LoggerUtils: Fetching worktimes for date: 2025-04-28 and user id: 1
2025-04-28 09:14:46,179 INFO  [http-nio-8080-exec-4] c.t.a.u.LoggerUtils: Fetching active worktime series for date: 2025-04-28 and user id: 1
2025-04-28 09:14:46,195 INFO  [http-nio-8080-exec-4] c.t.a.u.LoggerUtils: Filtering series for day of week: MONDAY
2025-04-28 09:15:05,325 INFO  [http-nio-8080-exec-10] c.t.a.u.LoggerUtils: Fetching user schedule for date: 2025-04-28
2025-04-28 09:15:05,331 INFO  [http-nio-8080-exec-10] c.t.a.u.LoggerUtils: Fetching worktimes for date: 2025-04-28 and user id: 1
2025-04-28 09:15:05,347 INFO  [http-nio-8080-exec-10] c.t.a.u.LoggerUtils: Fetching active worktime series for date: 2025-04-28 and user id: 1
2025-04-28 09:15:05,365 INFO  [http-nio-8080-exec-10] c.t.a.u.LoggerUtils: Filtering series for day of week: MONDAY
2025-04-28 09:15:22,372 INFO  [http-nio-8080-exec-3] c.t.a.u.LoggerUtils: Fetching user schedule for date: 2025-04-28
2025-04-28 09:15:22,378 INFO  [http-nio-8080-exec-3] c.t.a.u.LoggerUtils: Fetching worktimes for date: 2025-04-28 and user id: 1
2025-04-28 09:15:22,396 INFO  [http-nio-8080-exec-3] c.t.a.u.LoggerUtils: Fetching active worktime series for date: 2025-04-28 and user id: 1
2025-04-28 09:15:22,418 INFO  [http-nio-8080-exec-3] c.t.a.u.LoggerUtils: Filtering series for day of week: MONDAY
2025-04-28 09:23:04,158 INFO  [http-nio-8080-exec-8] c.t.a.u.LoggerUtils: Fetching user schedule for date: 2025-04-28
2025-04-28 09:23:04,163 INFO  [http-nio-8080-exec-8] c.t.a.u.LoggerUtils: Fetching worktimes for date: 2025-04-28 and user id: 1
2025-04-28 09:23:04,176 INFO  [http-nio-8080-exec-8] c.t.a.u.LoggerUtils: Fetching active worktime series for date: 2025-04-28 and user id: 1
2025-04-28 09:23:04,190 INFO  [http-nio-8080-exec-8] c.t.a.u.LoggerUtils: Filtering series for day of week: MONDAY
2025-04-28 09:26:16,423 INFO  [http-nio-8080-exec-4] c.t.a.u.LoggerUtils: Fetching user schedule for date: 2025-04-28
2025-04-28 09:26:16,435 INFO  [http-nio-8080-exec-4] c.t.a.u.LoggerUtils: Fetching worktimes for date: 2025-04-28 and user id: 1
2025-04-28 09:26:16,454 INFO  [http-nio-8080-exec-4] c.t.a.u.LoggerUtils: Fetching active worktime series for date: 2025-04-28 and user id: 1
2025-04-28 09:26:16,475 INFO  [http-nio-8080-exec-4] c.t.a.u.LoggerUtils: Filtering series for day of week: MONDAY
2025-04-28 09:40:33,724 INFO  [http-nio-8080-exec-9] c.t.a.u.LoggerUtils: Fetching user schedule for date: 2025-04-28
2025-04-28 09:40:33,738 INFO  [http-nio-8080-exec-9] c.t.a.u.LoggerUtils: Fetching worktimes for date: 2025-04-28 and user id: 1
2025-04-28 09:40:33,778 INFO  [http-nio-8080-exec-9] c.t.a.u.LoggerUtils: Fetching active worktime series for date: 2025-04-28 and user id: 1
2025-04-28 09:40:33,818 INFO  [http-nio-8080-exec-9] c.t.a.u.LoggerUtils: Filtering series for day of week: MONDAY
2025-04-28 09:50:49,442 INFO  [http-nio-8080-exec-6] c.t.a.u.LoggerUtils: Fetching user schedule for date: 2025-04-28
2025-04-28 09:50:49,455 INFO  [http-nio-8080-exec-6] c.t.a.u.LoggerUtils: Fetching worktimes for date: 2025-04-28 and user id: 1
2025-04-28 09:50:49,473 INFO  [http-nio-8080-exec-6] c.t.a.u.LoggerUtils: Fetching active worktime series for date: 2025-04-28 and user id: 1
2025-04-28 09:50:49,503 INFO  [http-nio-8080-exec-6] c.t.a.u.LoggerUtils: Filtering series for day of week: MONDAY
2025-04-28 21:29:38,346 INFO  [background-preinit] o.h.v.i.u.Version: HV000001: Hibernate Validator 8.0.2.Final
2025-04-28 21:29:38,431 INFO  [main] o.s.b.StartupInfoLogger: Starting TempoApiApplication using Java 23.0.2 with PID 2000 (C:\Users\pguil\DevProjects\tempo-api-re\target\classes started by pguil in C:\Users\pguil\DevProjects\tempo-api-re)
2025-04-28 21:29:38,433 INFO  [main] o.s.b.SpringApplication: No active profile set, falling back to 1 default profile: "default"
2025-04-28 21:29:38,546 INFO  [main] o.s.b.d.c.l.DockerComposeLifecycleManager: Using Docker Compose file C:\Users\pguil\DevProjects\tempo-api-re\compose.yml
2025-04-28 21:29:39,922 INFO  [main] o.s.b.d.c.l.DockerComposeLifecycleManager: There are already Docker Compose services running, skipping startup
2025-04-28 21:29:41,566 INFO  [main] o.s.d.r.c.RepositoryConfigurationDelegate: Bootstrapping Spring Data JPA repositories in DEFAULT mode.
2025-04-28 21:29:41,699 INFO  [main] o.s.d.r.c.RepositoryConfigurationDelegate: Finished Spring Data repository scanning in 113 ms. Found 6 JPA repository interfaces.
2025-04-28 21:29:43,186 INFO  [main] o.s.b.w.e.t.TomcatWebServer: Tomcat initialized with port 8080 (http)
2025-04-28 21:29:43,206 INFO  [main] o.a.j.l.DirectJDKLog: Initializing ProtocolHandler ["http-nio-8080"]
2025-04-28 21:29:43,210 INFO  [main] o.a.j.l.DirectJDKLog: Starting service [Tomcat]
2025-04-28 21:29:43,213 INFO  [main] o.a.j.l.DirectJDKLog: Starting Servlet engine: [Apache Tomcat/10.1.39]
2025-04-28 21:29:43,334 INFO  [main] o.a.j.l.DirectJDKLog: Initializing Spring embedded WebApplicationContext
2025-04-28 21:29:43,336 INFO  [main] o.s.b.w.s.c.ServletWebServerApplicationContext: Root WebApplicationContext: initialization completed in 3390 ms
2025-04-28 21:29:43,851 INFO  [main] o.h.j.i.u.LogHelper: HHH000204: Processing PersistenceUnitInfo [name: default]
2025-04-28 21:29:43,954 INFO  [main] o.h.Version: HHH000412: Hibernate ORM core version 6.6.11.Final
2025-04-28 21:29:44,018 INFO  [main] o.h.c.i.RegionFactoryInitiator: HHH000026: Second-level cache disabled
2025-04-28 21:29:44,496 INFO  [main] o.s.o.j.p.SpringPersistenceUnitInfo: No LoadTimeWeaver setup: ignoring JPA class transformer
2025-04-28 21:29:44,556 INFO  [main] c.z.h.HikariDataSource: HikariPool-1 - Starting...
2025-04-28 21:29:45,017 INFO  [main] c.z.h.p.HikariPool: HikariPool-1 - Added connection com.mysql.cj.jdbc.ConnectionImpl@35d2312f
2025-04-28 21:29:45,021 INFO  [main] c.z.h.HikariDataSource: HikariPool-1 - Start completed.
2025-04-28 21:29:45,139 INFO  [main] o.h.e.j.e.i.JdbcEnvironmentInitiator: HHH10001005: Database info:
	Database JDBC URL [Connecting through datasource 'HikariDataSource (HikariPool-1)']
	Database driver: undefined/unknown
	Database version: 9.2
	Autocommit mode: undefined/unknown
	Isolation level: undefined/unknown
	Minimum pool size: undefined/unknown
	Maximum pool size: undefined/unknown
2025-04-28 21:29:46,743 INFO  [main] o.h.e.t.j.p.i.JtaPlatformInitiator: HHH000489: No JTA platform available (set 'hibernate.transaction.jta.platform' to enable JTA platform integration)
2025-04-28 21:29:46,940 INFO  [main] o.s.o.j.AbstractEntityManagerFactoryBean: Initialized JPA EntityManagerFactory for persistence unit 'default'
2025-04-28 21:29:47,707 WARN  [main] o.s.b.a.o.j.JpaBaseConfiguration$JpaWebConfiguration: spring.jpa.open-in-view is enabled by default. Therefore, database queries may be performed during view rendering. Explicitly configure spring.jpa.open-in-view to disable this warning
2025-04-28 21:29:47,832 INFO  [main] o.s.s.c.a.a.c.InitializeAuthenticationProviderBeanManagerConfigurer$InitializeAuthenticationProviderManagerConfigurer: Global AuthenticationManager configured with AuthenticationProvider bean with name authenticationProvider
2025-04-28 21:29:47,833 WARN  [main] o.s.s.c.a.a.c.InitializeUserDetailsBeanManagerConfigurer$InitializeUserDetailsManagerConfigurer: Global AuthenticationManager configured with an AuthenticationProvider bean. UserDetailsService beans will not be used by Spring Security for automatically configuring username/password login. Consider removing the AuthenticationProvider bean. Alternatively, consider using the UserDetailsService in a manually instantiated DaoAuthenticationProvider. If the current configuration is intentional, to turn off this warning, increase the logging level of 'org.springframework.security.config.annotation.authentication.configuration.InitializeUserDetailsBeanManagerConfigurer' to ERROR
2025-04-28 21:29:48,614 INFO  [main] o.s.b.a.e.w.EndpointLinksResolver: Exposing 1 endpoint beneath base path '/actuator'
2025-04-28 21:29:49,449 INFO  [main] o.a.j.l.DirectJDKLog: Starting ProtocolHandler ["http-nio-8080"]
2025-04-28 21:29:49,472 INFO  [main] o.s.b.w.e.t.TomcatWebServer: Tomcat started on port 8080 (http) with context path '/'
2025-04-28 21:29:49,492 INFO  [main] o.s.b.StartupInfoLogger: Started TempoApiApplication in 11.893 seconds (process running for 12.828)
2025-04-28 21:29:49,775 INFO  [RMI TCP Connection(2)-127.0.0.1] o.a.j.l.DirectJDKLog: Initializing Spring DispatcherServlet 'dispatcherServlet'
2025-04-28 21:29:49,777 INFO  [RMI TCP Connection(2)-127.0.0.1] o.s.w.s.FrameworkServlet: Initializing Servlet 'dispatcherServlet'
2025-04-28 21:29:49,780 INFO  [RMI TCP Connection(2)-127.0.0.1] o.s.w.s.FrameworkServlet: Completed initialization in 2 ms
2025-04-28 21:33:17,862 INFO  [http-nio-8080-exec-7] c.t.a.u.LoggerUtils: Fetching user schedule for date: 2025-04-28
2025-04-28 21:33:17,872 INFO  [http-nio-8080-exec-7] c.t.a.u.LoggerUtils: Fetching worktimes for date: 2025-04-28 and user id: 1
2025-04-28 21:33:17,897 INFO  [http-nio-8080-exec-7] c.t.a.u.LoggerUtils: Fetching active worktime series for date: 2025-04-28 and user id: 1
2025-04-28 21:33:17,935 INFO  [http-nio-8080-exec-7] c.t.a.u.LoggerUtils: Filtering series for day of week: MONDAY
2025-04-28 21:43:10,161 INFO  [http-nio-8080-exec-1] c.t.a.u.LoggerUtils: Fetching user schedule for date: 2025-04-29
2025-04-28 21:43:10,166 INFO  [http-nio-8080-exec-1] c.t.a.u.LoggerUtils: Fetching worktimes for date: 2025-04-29 and user id: 1
2025-04-28 21:43:10,180 INFO  [http-nio-8080-exec-1] c.t.a.u.LoggerUtils: Fetching active worktime series for date: 2025-04-29 and user id: 1
2025-04-28 21:43:10,197 INFO  [http-nio-8080-exec-1] c.t.a.u.LoggerUtils: Filtering series for day of week: TUESDAY
2025-04-28 21:43:11,938 INFO  [http-nio-8080-exec-3] c.t.a.u.LoggerUtils: Fetching user schedule for date: 2025-04-30
2025-04-28 21:43:11,942 INFO  [http-nio-8080-exec-3] c.t.a.u.LoggerUtils: Fetching worktimes for date: 2025-04-30 and user id: 1
2025-04-28 21:43:11,954 INFO  [http-nio-8080-exec-3] c.t.a.u.LoggerUtils: Fetching active worktime series for date: 2025-04-30 and user id: 1
2025-04-28 21:43:11,969 INFO  [http-nio-8080-exec-3] c.t.a.u.LoggerUtils: Filtering series for day of week: WEDNESDAY
2025-04-28 21:43:13,272 INFO  [http-nio-8080-exec-5] c.t.a.u.LoggerUtils: Fetching user schedule for date: 2025-04-29
2025-04-28 21:43:13,277 INFO  [http-nio-8080-exec-5] c.t.a.u.LoggerUtils: Fetching worktimes for date: 2025-04-29 and user id: 1
2025-04-28 21:43:13,291 INFO  [http-nio-8080-exec-5] c.t.a.u.LoggerUtils: Fetching active worktime series for date: 2025-04-29 and user id: 1
2025-04-28 21:43:13,306 INFO  [http-nio-8080-exec-5] c.t.a.u.LoggerUtils: Filtering series for day of week: TUESDAY
2025-04-28 21:43:13,753 INFO  [http-nio-8080-exec-7] c.t.a.u.LoggerUtils: Fetching user schedule for date: 2025-04-28
2025-04-28 21:43:13,757 INFO  [http-nio-8080-exec-7] c.t.a.u.LoggerUtils: Fetching worktimes for date: 2025-04-28 and user id: 1
2025-04-28 21:43:13,770 INFO  [http-nio-8080-exec-7] c.t.a.u.LoggerUtils: Fetching active worktime series for date: 2025-04-28 and user id: 1
2025-04-28 21:43:13,785 INFO  [http-nio-8080-exec-7] c.t.a.u.LoggerUtils: Filtering series for day of week: MONDAY
2025-04-28 21:43:14,294 INFO  [http-nio-8080-exec-8] c.t.a.u.LoggerUtils: Fetching user schedule for date: 2025-04-27
2025-04-28 21:43:14,298 INFO  [http-nio-8080-exec-8] c.t.a.u.LoggerUtils: Fetching worktimes for date: 2025-04-27 and user id: 1
2025-04-28 21:43:14,310 INFO  [http-nio-8080-exec-8] c.t.a.u.LoggerUtils: Fetching active worktime series for date: 2025-04-27 and user id: 1
2025-04-28 21:43:14,326 INFO  [http-nio-8080-exec-8] c.t.a.u.LoggerUtils: Filtering series for day of week: SUNDAY
2025-04-28 21:43:14,838 INFO  [http-nio-8080-exec-1] c.t.a.u.LoggerUtils: Fetching user schedule for date: 2025-04-26
2025-04-28 21:43:14,842 INFO  [http-nio-8080-exec-1] c.t.a.u.LoggerUtils: Fetching worktimes for date: 2025-04-26 and user id: 1
2025-04-28 21:43:14,865 INFO  [http-nio-8080-exec-1] c.t.a.u.LoggerUtils: Fetching active worktime series for date: 2025-04-26 and user id: 1
2025-04-28 21:43:14,879 INFO  [http-nio-8080-exec-1] c.t.a.u.LoggerUtils: Filtering series for day of week: SATURDAY
2025-04-28 21:44:07,114 INFO  [http-nio-8080-exec-3] c.t.a.u.LoggerUtils: Fetching user schedule for date: 2025-04-27
2025-04-28 21:44:07,120 INFO  [http-nio-8080-exec-3] c.t.a.u.LoggerUtils: Fetching worktimes for date: 2025-04-27 and user id: 1
2025-04-28 21:44:07,135 INFO  [http-nio-8080-exec-3] c.t.a.u.LoggerUtils: Fetching active worktime series for date: 2025-04-27 and user id: 1
2025-04-28 21:44:07,150 INFO  [http-nio-8080-exec-3] c.t.a.u.LoggerUtils: Filtering series for day of week: SUNDAY
2025-04-28 21:44:07,891 INFO  [http-nio-8080-exec-5] c.t.a.u.LoggerUtils: Fetching user schedule for date: 2025-04-28
2025-04-28 21:44:07,898 INFO  [http-nio-8080-exec-5] c.t.a.u.LoggerUtils: Fetching worktimes for date: 2025-04-28 and user id: 1
2025-04-28 21:44:07,909 INFO  [http-nio-8080-exec-5] c.t.a.u.LoggerUtils: Fetching active worktime series for date: 2025-04-28 and user id: 1
2025-04-28 21:44:07,925 INFO  [http-nio-8080-exec-5] c.t.a.u.LoggerUtils: Filtering series for day of week: MONDAY
2025-04-28 21:47:43,780 INFO  [http-nio-8080-exec-9] c.t.a.u.LoggerUtils: Fetching user schedule for date: 2025-04-29
2025-04-28 21:47:43,785 INFO  [http-nio-8080-exec-9] c.t.a.u.LoggerUtils: Fetching worktimes for date: 2025-04-29 and user id: 1
2025-04-28 21:47:43,799 INFO  [http-nio-8080-exec-9] c.t.a.u.LoggerUtils: Fetching active worktime series for date: 2025-04-29 and user id: 1
2025-04-28 21:47:43,816 INFO  [http-nio-8080-exec-9] c.t.a.u.LoggerUtils: Filtering series for day of week: TUESDAY
2025-04-28 21:52:13,431 INFO  [http-nio-8080-exec-3] c.t.a.u.LoggerUtils: Fetching user schedule for date: 2025-04-28
2025-04-28 21:52:13,438 INFO  [http-nio-8080-exec-3] c.t.a.u.LoggerUtils: Fetching worktimes for date: 2025-04-28 and user id: 1
2025-04-28 21:52:13,454 INFO  [http-nio-8080-exec-3] c.t.a.u.LoggerUtils: Fetching active worktime series for date: 2025-04-28 and user id: 1
2025-04-28 21:52:13,467 INFO  [http-nio-8080-exec-3] c.t.a.u.LoggerUtils: Filtering series for day of week: MONDAY
2025-04-28 21:55:27,166 INFO  [http-nio-8080-exec-8] c.t.a.u.LoggerUtils: Fetching user schedule for date: 2025-04-28
2025-04-28 21:55:27,173 INFO  [http-nio-8080-exec-8] c.t.a.u.LoggerUtils: Fetching worktimes for date: 2025-04-28 and user id: 1
2025-04-28 21:55:27,190 INFO  [http-nio-8080-exec-8] c.t.a.u.LoggerUtils: Fetching active worktime series for date: 2025-04-28 and user id: 1
2025-04-28 21:55:27,210 INFO  [http-nio-8080-exec-8] c.t.a.u.LoggerUtils: Filtering series for day of week: MONDAY
2025-04-28 21:56:19,867 INFO  [http-nio-8080-exec-3] c.t.a.u.LoggerUtils: Fetching user schedule for date: 2025-04-28
2025-04-28 21:56:19,872 INFO  [http-nio-8080-exec-3] c.t.a.u.LoggerUtils: Fetching worktimes for date: 2025-04-28 and user id: 1
2025-04-28 21:56:19,884 INFO  [http-nio-8080-exec-3] c.t.a.u.LoggerUtils: Fetching active worktime series for date: 2025-04-28 and user id: 1
2025-04-28 21:56:19,896 INFO  [http-nio-8080-exec-3] c.t.a.u.LoggerUtils: Filtering series for day of week: MONDAY
2025-04-28 22:11:56,560 INFO  [http-nio-8080-exec-8] c.t.a.u.LoggerUtils: Fetching user schedule for date: 2025-04-28
2025-04-28 22:11:56,566 INFO  [http-nio-8080-exec-8] c.t.a.u.LoggerUtils: Fetching worktimes for date: 2025-04-28 and user id: 1
2025-04-28 22:11:56,578 INFO  [http-nio-8080-exec-8] c.t.a.u.LoggerUtils: Fetching active worktime series for date: 2025-04-28 and user id: 1
2025-04-28 22:11:56,596 INFO  [http-nio-8080-exec-8] c.t.a.u.LoggerUtils: Filtering series for day of week: MONDAY
2025-04-28 22:12:01,734 INFO  [http-nio-8080-exec-3] c.t.a.u.LoggerUtils: Fetching user schedule for date: 2025-04-28
2025-04-28 22:12:01,740 INFO  [http-nio-8080-exec-3] c.t.a.u.LoggerUtils: Fetching worktimes for date: 2025-04-28 and user id: 1
2025-04-28 22:12:01,753 INFO  [http-nio-8080-exec-3] c.t.a.u.LoggerUtils: Fetching active worktime series for date: 2025-04-28 and user id: 1
2025-04-28 22:12:01,770 INFO  [http-nio-8080-exec-3] c.t.a.u.LoggerUtils: Filtering series for day of week: MONDAY
2025-04-28 22:52:11,642 INFO  [http-nio-8080-exec-9] c.t.a.u.LoggerUtils: Fetching user schedule for date: 2025-04-28
2025-04-28 22:52:11,652 INFO  [http-nio-8080-exec-9] c.t.a.u.LoggerUtils: Fetching worktimes for date: 2025-04-28 and user id: 1
2025-04-28 22:52:11,685 INFO  [http-nio-8080-exec-9] c.t.a.u.LoggerUtils: Fetching active worktime series for date: 2025-04-28 and user id: 1
2025-04-28 22:52:11,714 INFO  [http-nio-8080-exec-9] c.t.a.u.LoggerUtils: Filtering series for day of week: MONDAY
2025-04-28 22:58:57,284 INFO  [http-nio-8080-exec-4] c.t.a.u.LoggerUtils: Fetching user schedule for date: 2025-04-28
2025-04-28 22:58:57,289 INFO  [http-nio-8080-exec-4] c.t.a.u.LoggerUtils: Fetching worktimes for date: 2025-04-28 and user id: 1
2025-04-28 22:58:57,366 INFO  [http-nio-8080-exec-4] c.t.a.u.LoggerUtils: Fetching active worktime series for date: 2025-04-28 and user id: 1
2025-04-28 22:58:57,404 INFO  [http-nio-8080-exec-4] c.t.a.u.LoggerUtils: Filtering series for day of week: MONDAY
